android/app/build/intermediates/manifest_merge_blame_file/debug/manifest-merger-blame-debug-report.txt
1<?xml version="1.0" encoding="utf-8"?>
2<manifest xmlns:android="http://schemas.android.com/apk/res/android"
3    package="com.reactnativegeolocation"
4    android:versionCode="1"
5    android:versionName="1.0" >
6
7    <uses-sdk
8        android:minSdkVersion="21"
9        android:targetSdkVersion="31" />
10
11    <uses-permission android:name="android.permission.SYSTEM_ALERT_WINDOW" />
11-->src/debug/AndroidManifest.xml:5:5-77
11-->src/debug/AndroidManifest.xml:5:22-75
12    <uses-permission android:name="android.permission.INTERNET" />
12-->src/main/AndroidManifest.xml:4:5-67
12-->src/main/AndroidManifest.xml:4:22-64
13    <uses-permission android:name="android.permission.ACCESS_FINE_LOCATION" />
13-->src/main/AndroidManifest.xml:5:5-79
13-->src/main/AndroidManifest.xml:5:22-76
14    <uses-permission android:name="android.permission.ACCESS_WIFI_STATE" />
14-->[com.facebook.flipper:flipper:0.125.0] AndroidManifest.xml:16:5-76
14-->[com.facebook.flipper:flipper:0.125.0] AndroidManifest.xml:16:22-73
15    <uses-permission android:name="android.permission.WAKE_LOCK" />
15-->[androidx.work:work-runtime:2.7.1] AndroidManifest.xml:25:5-68
15-->[androidx.work:work-runtime:2.7.1] AndroidManifest.xml:25:22-65
16    <uses-permission android:name="android.permission.ACCESS_NETWORK_STATE" />
16-->[androidx.work:work-runtime:2.7.1] AndroidManifest.xml:26:5-79
16-->[androidx.work:work-runtime:2.7.1] AndroidManifest.xml:26:22-76
17    <uses-permission android:name="android.permission.RECEIVE_BOOT_COMPLETED" />
17-->[androidx.work:work-runtime:2.7.1] AndroidManifest.xml:27:5-81
17-->[androidx.work:work-runtime:2.7.1] AndroidManifest.xml:27:22-78
18    <uses-permission android:name="android.permission.FOREGROUND_SERVICE" />
18-->[androidx.work:work-runtime:2.7.1] AndroidManifest.xml:28:5-77
18-->[androidx.work:work-runtime:2.7.1] AndroidManifest.xml:28:22-74
19
20    <uses-feature
20-->[com.google.android.gms:play-services-maps:18.0.2] AndroidManifest.xml:26:5-28:35
21        android:glEsVersion="0x00020000"
21-->[com.google.android.gms:play-services-maps:18.0.2] AndroidManifest.xml:27:9-41
22        android:required="true" />
22-->[com.google.android.gms:play-services-maps:18.0.2] AndroidManifest.xml:28:9-32
23
24    <queries>
24-->[com.google.android.gms:play-services-maps:18.0.2] AndroidManifest.xml:30:5-34:15
25
26        <!-- Needs to be explicitly declared on Android R+ -->
27        <package android:name="com.google.android.apps.maps" />
27-->[com.google.android.gms:play-services-maps:18.0.2] AndroidManifest.xml:33:9-64
27-->[com.google.android.gms:play-services-maps:18.0.2] AndroidManifest.xml:33:18-61
28    </queries>
29
30    <application
30-->src/main/AndroidManifest.xml:7:5-29:19
31        android:name="com.reactnativegeolocation.MainApplication"
31-->src/main/AndroidManifest.xml:8:7-38
32        android:allowBackup="false"
32-->src/main/AndroidManifest.xml:12:7-34
33        android:appComponentFactory="androidx.core.app.CoreComponentFactory"
33-->[androidx.core:core:1.7.0] AndroidManifest.xml:24:18-86
34        android:debuggable="true"
35        android:icon="@mipmap/ic_launcher"
35-->src/main/AndroidManifest.xml:10:7-41
36        android:label="@string/app_name"
36-->src/main/AndroidManifest.xml:9:7-39
37        android:roundIcon="@mipmap/ic_launcher_round"
37-->src/main/AndroidManifest.xml:11:7-52
38        android:theme="@style/AppTheme"
38-->src/main/AndroidManifest.xml:13:7-38
39        android:usesCleartextTraffic="true" >
39-->src/debug/AndroidManifest.xml:8:9-44
40        <activity
40-->src/debug/AndroidManifest.xml:11:9-111
41            android:name="com.facebook.react.devsupport.DevSettingsActivity"
41-->src/debug/AndroidManifest.xml:11:19-83
42            android:exported="false" />
42-->src/debug/AndroidManifest.xml:11:84-108
43
44        <meta-data
44-->src/main/AndroidManifest.xml:14:7-16:64
45            android:name="com.google.android.geo.API_KEY"
45-->src/main/AndroidManifest.xml:15:7-52
46            android:value="AIzaSyD3VcHXM_nT-A9KQ0U5SoRqeDIDKWDAO_U" />
46-->src/main/AndroidManifest.xml:16:7-62
47
48        <activity
48-->src/main/AndroidManifest.xml:17:7-28:18
49            android:name="com.reactnativegeolocation.MainActivity"
49-->src/main/AndroidManifest.xml:18:9-37
50            android:configChanges="keyboard|keyboardHidden|orientation|screenLayout|screenSize|smallestScreenSize|uiMode"
50-->src/main/AndroidManifest.xml:20:9-118
51            android:exported="true"
51-->src/main/AndroidManifest.xml:23:9-32
52            android:label="@string/app_name"
52-->src/main/AndroidManifest.xml:19:9-41
53            android:launchMode="singleTask"
53-->src/main/AndroidManifest.xml:21:9-40
54            android:windowSoftInputMode="adjustResize" >
54-->src/main/AndroidManifest.xml:22:9-51
55            <intent-filter>
55-->src/main/AndroidManifest.xml:24:9-27:25
56                <action android:name="android.intent.action.MAIN" />
56-->src/main/AndroidManifest.xml:25:13-65
56-->src/main/AndroidManifest.xml:25:21-62
57
58                <category android:name="android.intent.category.LAUNCHER" />
58-->src/main/AndroidManifest.xml:26:13-73
58-->src/main/AndroidManifest.xml:26:23-70
59            </intent-filter>
60        </activity>
61
62        <provider
62-->[androidx.work:work-runtime:2.7.1] AndroidManifest.xml:31:9-39:20
63            android:name="androidx.startup.InitializationProvider"
63-->[androidx.work:work-runtime:2.7.1] AndroidManifest.xml:32:13-67
64            android:authorities="com.reactnativegeolocation.androidx-startup"
64-->[androidx.work:work-runtime:2.7.1] AndroidManifest.xml:33:13-68
65            android:exported="false" >
65-->[androidx.work:work-runtime:2.7.1] AndroidManifest.xml:34:13-37
66            <meta-data
66-->[androidx.work:work-runtime:2.7.1] AndroidManifest.xml:36:13-38:52
67                android:name="androidx.work.WorkManagerInitializer"
67-->[androidx.work:work-runtime:2.7.1] AndroidManifest.xml:37:17-68
68                android:value="androidx.startup" />
68-->[androidx.work:work-runtime:2.7.1] AndroidManifest.xml:38:17-49
69            <meta-data
69-->[androidx.emoji2:emoji2:1.0.0] AndroidManifest.xml:31:13-33:52
70                android:name="androidx.emoji2.text.EmojiCompatInitializer"
70-->[androidx.emoji2:emoji2:1.0.0] AndroidManifest.xml:32:17-75
71                android:value="androidx.startup" />
71-->[androidx.emoji2:emoji2:1.0.0] AndroidManifest.xml:33:17-49
72            <meta-data
72-->[androidx.lifecycle:lifecycle-process:2.4.0] AndroidManifest.xml:31:13-33:52
73                android:name="androidx.lifecycle.ProcessLifecycleInitializer"
73-->[androidx.lifecycle:lifecycle-process:2.4.0] AndroidManifest.xml:32:17-78
74                android:value="androidx.startup" />
74-->[androidx.lifecycle:lifecycle-process:2.4.0] AndroidManifest.xml:33:17-49
75        </provider>
76
77        <service
77-->[androidx.work:work-runtime:2.7.1] AndroidManifest.xml:41:9-46:35
78            android:name="androidx.work.impl.background.systemalarm.SystemAlarmService"
78-->[androidx.work:work-runtime:2.7.1] AndroidManifest.xml:42:13-88
79            android:directBootAware="false"
79-->[androidx.work:work-runtime:2.7.1] AndroidManifest.xml:43:13-44
80            android:enabled="@bool/enable_system_alarm_service_default"
80-->[androidx.work:work-runtime:2.7.1] AndroidManifest.xml:44:13-72
81            android:exported="false" />
81-->[androidx.work:work-runtime:2.7.1] AndroidManifest.xml:45:13-37
82        <service
82-->[androidx.work:work-runtime:2.7.1] AndroidManifest.xml:47:9-53:35
83            android:name="androidx.work.impl.background.systemjob.SystemJobService"
83-->[androidx.work:work-runtime:2.7.1] AndroidManifest.xml:48:13-84
84            android:directBootAware="false"
84-->[androidx.work:work-runtime:2.7.1] AndroidManifest.xml:49:13-44
85            android:enabled="@bool/enable_system_job_service_default"
85-->[androidx.work:work-runtime:2.7.1] AndroidManifest.xml:50:13-70
86            android:exported="true"
86-->[androidx.work:work-runtime:2.7.1] AndroidManifest.xml:51:13-36
87            android:permission="android.permission.BIND_JOB_SERVICE" />
87-->[androidx.work:work-runtime:2.7.1] AndroidManifest.xml:52:13-69
88        <service
88-->[androidx.work:work-runtime:2.7.1] AndroidManifest.xml:54:9-59:35
89            android:name="androidx.work.impl.foreground.SystemForegroundService"
89-->[androidx.work:work-runtime:2.7.1] AndroidManifest.xml:55:13-81
90            android:directBootAware="false"
90-->[androidx.work:work-runtime:2.7.1] AndroidManifest.xml:56:13-44
91            android:enabled="@bool/enable_system_foreground_service_default"
91-->[androidx.work:work-runtime:2.7.1] AndroidManifest.xml:57:13-77
92            android:exported="false" />
92-->[androidx.work:work-runtime:2.7.1] AndroidManifest.xml:58:13-37
93
94        <receiver
94-->[androidx.work:work-runtime:2.7.1] AndroidManifest.xml:61:9-66:35
95            android:name="androidx.work.impl.utils.ForceStopRunnable$BroadcastReceiver"
95-->[androidx.work:work-runtime:2.7.1] AndroidManifest.xml:62:13-88
96            android:directBootAware="false"
96-->[androidx.work:work-runtime:2.7.1] AndroidManifest.xml:63:13-44
97            android:enabled="true"
97-->[androidx.work:work-runtime:2.7.1] AndroidManifest.xml:64:13-35
98            android:exported="false" />
98-->[androidx.work:work-runtime:2.7.1] AndroidManifest.xml:65:13-37
99        <receiver
99-->[androidx.work:work-runtime:2.7.1] AndroidManifest.xml:67:9-77:20
100            android:name="androidx.work.impl.background.systemalarm.ConstraintProxy$BatteryChargingProxy"
100-->[androidx.work:work-runtime:2.7.1] AndroidManifest.xml:68:13-106
101            android:directBootAware="false"
101-->[androidx.work:work-runtime:2.7.1] AndroidManifest.xml:69:13-44
102            android:enabled="false"
102-->[androidx.work:work-runtime:2.7.1] AndroidManifest.xml:70:13-36
103            android:exported="false" >
103-->[androidx.work:work-runtime:2.7.1] AndroidManifest.xml:71:13-37
104            <intent-filter>
104-->[androidx.work:work-runtime:2.7.1] AndroidManifest.xml:73:13-76:29
105                <action android:name="android.intent.action.ACTION_POWER_CONNECTED" />
105-->[androidx.work:work-runtime:2.7.1] AndroidManifest.xml:74:17-87
105-->[androidx.work:work-runtime:2.7.1] AndroidManifest.xml:74:25-84
106                <action android:name="android.intent.action.ACTION_POWER_DISCONNECTED" />
106-->[androidx.work:work-runtime:2.7.1] AndroidManifest.xml:75:17-90
106-->[androidx.work:work-runtime:2.7.1] AndroidManifest.xml:75:25-87
107            </intent-filter>
108        </receiver>
109        <receiver
109-->[androidx.work:work-runtime:2.7.1] AndroidManifest.xml:78:9-88:20
110            android:name="androidx.work.impl.background.systemalarm.ConstraintProxy$BatteryNotLowProxy"
110-->[androidx.work:work-runtime:2.7.1] AndroidManifest.xml:79:13-104
111            android:directBootAware="false"
111-->[androidx.work:work-runtime:2.7.1] AndroidManifest.xml:80:13-44
112            android:enabled="false"
112-->[androidx.work:work-runtime:2.7.1] AndroidManifest.xml:81:13-36
113            android:exported="false" >
113-->[androidx.work:work-runtime:2.7.1] AndroidManifest.xml:82:13-37
114            <intent-filter>
114-->[androidx.work:work-runtime:2.7.1] AndroidManifest.xml:84:13-87:29
115                <action android:name="android.intent.action.BATTERY_OKAY" />
115-->[androidx.work:work-runtime:2.7.1] AndroidManifest.xml:85:17-77
115-->[androidx.work:work-runtime:2.7.1] AndroidManifest.xml:85:25-74
116                <action android:name="android.intent.action.BATTERY_LOW" />
116-->[androidx.work:work-runtime:2.7.1] AndroidManifest.xml:86:17-76
116-->[androidx.work:work-runtime:2.7.1] AndroidManifest.xml:86:25-73
117            </intent-filter>
118        </receiver>
119        <receiver
119-->[androidx.work:work-runtime:2.7.1] AndroidManifest.xml:89:9-99:20
120            android:name="androidx.work.impl.background.systemalarm.ConstraintProxy$StorageNotLowProxy"
120-->[androidx.work:work-runtime:2.7.1] AndroidManifest.xml:90:13-104
121            android:directBootAware="false"
121-->[androidx.work:work-runtime:2.7.1] AndroidManifest.xml:91:13-44
122            android:enabled="false"
122-->[androidx.work:work-runtime:2.7.1] AndroidManifest.xml:92:13-36
123            android:exported="false" >
123-->[androidx.work:work-runtime:2.7.1] AndroidManifest.xml:93:13-37
124            <intent-filter>
124-->[androidx.work:work-runtime:2.7.1] AndroidManifest.xml:95:13-98:29
125                <action android:name="android.intent.action.DEVICE_STORAGE_LOW" />
125-->[androidx.work:work-runtime:2.7.1] AndroidManifest.xml:96:17-83
125-->[androidx.work:work-runtime:2.7.1] AndroidManifest.xml:96:25-80
126                <action android:name="android.intent.action.DEVICE_STORAGE_OK" />
126-->[androidx.work:work-runtime:2.7.1] AndroidManifest.xml:97:17-82
126-->[androidx.work:work-runtime:2.7.1] AndroidManifest.xml:97:25-79
127            </intent-filter>
128        </receiver>
129        <receiver
129-->[androidx.work:work-runtime:2.7.1] AndroidManifest.xml:100:9-109:20
130            android:name="androidx.work.impl.background.systemalarm.ConstraintProxy$NetworkStateProxy"
130-->[androidx.work:work-runtime:2.7.1] AndroidManifest.xml:101:13-103
131            android:directBootAware="false"
131-->[androidx.work:work-runtime:2.7.1] AndroidManifest.xml:102:13-44
132            android:enabled="false"
132-->[androidx.work:work-runtime:2.7.1] AndroidManifest.xml:103:13-36
133            android:exported="false" >
133-->[androidx.work:work-runtime:2.7.1] AndroidManifest.xml:104:13-37
134            <intent-filter>
134-->[androidx.work:work-runtime:2.7.1] AndroidManifest.xml:106:13-108:29
135                <action android:name="android.net.conn.CONNECTIVITY_CHANGE" />
135-->[androidx.work:work-runtime:2.7.1] AndroidManifest.xml:107:17-79
135-->[androidx.work:work-runtime:2.7.1] AndroidManifest.xml:107:25-76
136            </intent-filter>
137        </receiver>
138        <receiver
138-->[androidx.work:work-runtime:2.7.1] AndroidManifest.xml:110:9-121:20
139            android:name="androidx.work.impl.background.systemalarm.RescheduleReceiver"
139-->[androidx.work:work-runtime:2.7.1] AndroidManifest.xml:111:13-88
140            android:directBootAware="false"
140-->[androidx.work:work-runtime:2.7.1] AndroidManifest.xml:112:13-44
141            android:enabled="false"
141-->[androidx.work:work-runtime:2.7.1] AndroidManifest.xml:113:13-36
142            android:exported="false" >
142-->[androidx.work:work-runtime:2.7.1] AndroidManifest.xml:114:13-37
143            <intent-filter>
143-->[androidx.work:work-runtime:2.7.1] AndroidManifest.xml:116:13-120:29
144                <action android:name="android.intent.action.BOOT_COMPLETED" />
144-->[androidx.work:work-runtime:2.7.1] AndroidManifest.xml:117:17-79
144-->[androidx.work:work-runtime:2.7.1] AndroidManifest.xml:117:25-76
145                <action android:name="android.intent.action.TIME_SET" />
145-->[androidx.work:work-runtime:2.7.1] AndroidManifest.xml:118:17-73
145-->[androidx.work:work-runtime:2.7.1] AndroidManifest.xml:118:25-70
146                <action android:name="android.intent.action.TIMEZONE_CHANGED" />
146-->[androidx.work:work-runtime:2.7.1] AndroidManifest.xml:119:17-81
146-->[androidx.work:work-runtime:2.7.1] AndroidManifest.xml:119:25-78
147            </intent-filter>
148        </receiver>
149        <receiver
149-->[androidx.work:work-runtime:2.7.1] AndroidManifest.xml:122:9-131:20
150            android:name="androidx.work.impl.background.systemalarm.ConstraintProxyUpdateReceiver"
150-->[androidx.work:work-runtime:2.7.1] AndroidManifest.xml:123:13-99
151            android:directBootAware="false"
151-->[androidx.work:work-runtime:2.7.1] AndroidManifest.xml:124:13-44
152            android:enabled="@bool/enable_system_alarm_service_default"
152-->[androidx.work:work-runtime:2.7.1] AndroidManifest.xml:125:13-72
153            android:exported="false" >
153-->[androidx.work:work-runtime:2.7.1] AndroidManifest.xml:126:13-37
154            <intent-filter>
154-->[androidx.work:work-runtime:2.7.1] AndroidManifest.xml:128:13-130:29
155                <action android:name="androidx.work.impl.background.systemalarm.UpdateProxies" />
155-->[androidx.work:work-runtime:2.7.1] AndroidManifest.xml:129:17-98
155-->[androidx.work:work-runtime:2.7.1] AndroidManifest.xml:129:25-95
156            </intent-filter>
157        </receiver>
158        <receiver
158-->[androidx.work:work-runtime:2.7.1] AndroidManifest.xml:132:9-142:20
159            android:name="androidx.work.impl.diagnostics.DiagnosticsReceiver"
159-->[androidx.work:work-runtime:2.7.1] AndroidManifest.xml:133:13-78
160            android:directBootAware="false"
160-->[androidx.work:work-runtime:2.7.1] AndroidManifest.xml:134:13-44
161            android:enabled="true"
161-->[androidx.work:work-runtime:2.7.1] AndroidManifest.xml:135:13-35
162            android:exported="true"
162-->[androidx.work:work-runtime:2.7.1] AndroidManifest.xml:136:13-36
163            android:permission="android.permission.DUMP" >
163-->[androidx.work:work-runtime:2.7.1] AndroidManifest.xml:137:13-57
164            <intent-filter>
164-->[androidx.work:work-runtime:2.7.1] AndroidManifest.xml:139:13-141:29
165                <action android:name="androidx.work.diagnostics.REQUEST_DIAGNOSTICS" />
165-->[androidx.work:work-runtime:2.7.1] AndroidManifest.xml:140:17-88
165-->[androidx.work:work-runtime:2.7.1] AndroidManifest.xml:140:25-85
166            </intent-filter>
167        </receiver>
168
169        <service
169-->[androidx.room:room-runtime:2.2.5] AndroidManifest.xml:25:9-28:40
170            android:name="androidx.room.MultiInstanceInvalidationService"
170-->[androidx.room:room-runtime:2.2.5] AndroidManifest.xml:26:13-74
171            android:directBootAware="true"
171-->[androidx.room:room-runtime:2.2.5] AndroidManifest.xml:27:13-43
172            android:exported="false" /> <!-- Needs to be explicitly declared on P+ -->
172-->[androidx.room:room-runtime:2.2.5] AndroidManifest.xml:28:13-37
173        <uses-library
173-->[com.google.android.gms:play-services-maps:18.0.2] AndroidManifest.xml:39:9-41:40
174            android:name="org.apache.http.legacy"
174-->[com.google.android.gms:play-services-maps:18.0.2] AndroidManifest.xml:40:13-50
175            android:required="false" />
175-->[com.google.android.gms:play-services-maps:18.0.2] AndroidManifest.xml:41:13-37
176
177        <activity
177-->[com.google.android.gms:play-services-base:18.1.0] AndroidManifest.xml:20:9-22:45
178            android:name="com.google.android.gms.common.api.GoogleApiActivity"
178-->[com.google.android.gms:play-services-base:18.1.0] AndroidManifest.xml:20:19-85
179            android:exported="false"
179-->[com.google.android.gms:play-services-base:18.1.0] AndroidManifest.xml:22:19-43
180            android:theme="@android:style/Theme.Translucent.NoTitleBar" />
180-->[com.google.android.gms:play-services-base:18.1.0] AndroidManifest.xml:21:19-78
181
182        <meta-data
182-->[com.google.android.gms:play-services-basement:18.1.0] AndroidManifest.xml:21:9-23:69
183            android:name="com.google.android.gms.version"
183-->[com.google.android.gms:play-services-basement:18.1.0] AndroidManifest.xml:22:13-58
184            android:value="@integer/google_play_services_version" />
184-->[com.google.android.gms:play-services-basement:18.1.0] AndroidManifest.xml:23:13-66
185    </application>
186
187</manifest>